<?xml version="1.0" encoding="UTF-8"?>
<!-- Generated by org.testng.reporters.JUnitReportReporter -->
<testsuite hostname="DESKTOP-0RED10E" failures="0" tests="1" name="Com.trainingofweekend.softwaretestingproject.NewTest3" time="0.004" errors="0" timestamp="2021-11-14T10:11:51 EST" skipped="0">
  <testcase classname="Com.trainingofweekend.softwaretestingproject.NewTest3" name="f" time="0.004"/>
  <system-out/>
</testsuite> <!-- Com.trainingofweekend.softwaretestingproject.NewTest3 -->
