<?xml version="1.0" encoding="UTF-8"?>
<!-- Generated by org.testng.reporters.JUnitReportReporter -->
<testsuite hostname="DESKTOP-0RED10E" failures="0" tests="2" name="Com.trainingofweekend.softwaretestingproject.NewTest2" time="10.196" errors="0" timestamp="2021-11-13T13:36:36 EST" skipped="0">
  <testcase classname="Com.trainingofweekend.softwaretestingproject.NewTest2" name="test1" time="5.181"/>
  <system-out/>
  <testcase classname="Com.trainingofweekend.softwaretestingproject.NewTest2" name="test2" time="5.015"/>
  <system-out/>
</testsuite> <!-- Com.trainingofweekend.softwaretestingproject.NewTest2 -->
