<?xml version="1.0" encoding="UTF-8"?>
<!-- Generated by org.testng.reporters.JUnitReportReporter -->
<testsuite hostname="DESKTOP-0RED10E" failures="0" tests="1" name="Regression.PrimeTest" time="5.581" errors="0" timestamp="2021-11-26T11:29:10 EST" skipped="0">
  <testcase classname="Regression.PrimeTest" name="f" time="5.581"/>
  <system-out/>
</testsuite> <!-- Regression.PrimeTest -->
